
The following modules were not unloaded:
   (Use "module --force purge" to unload all):

  1) XALT/minimal   2) slurm   3) NeSI
2024-03-18 19:05:49.442765: E tensorflow/compiler/xla/stream_executor/cuda/cuda_dnn.cc:9342] Unable to register cuDNN factory: Attempting to register factory for plugin cuDNN when one has already been registered
2024-03-18 19:05:49.443785: E tensorflow/compiler/xla/stream_executor/cuda/cuda_fft.cc:609] Unable to register cuFFT factory: Attempting to register factory for plugin cuFFT when one has already been registered
2024-03-18 19:05:49.443827: E tensorflow/compiler/xla/stream_executor/cuda/cuda_blas.cc:1518] Unable to register cuBLAS factory: Attempting to register factory for plugin cuBLAS when one has already been registered
2024-03-18 19:05:49.455789: I tensorflow/core/platform/cpu_feature_guard.cc:182] This TensorFlow binary is optimized to use available CPU instructions in performance-critical operations.
To enable the following instructions: AVX2 FMA, in other operations, rebuild TensorFlow with the appropriate compiler flags.
2024-03-18 19:05:53.822263: I tensorflow/core/common_runtime/gpu/gpu_device.cc:1886] Created device /job:localhost/replica:0/task:0/device:GPU:0 with 38298 MB memory:  -> device: 0, name: NVIDIA A100-PCIE-40GB, pci bus id: 0000:05:00.0, compute capability: 8.0
1 Physical GPUs, 1 Logical GPUs
Model: "sequential"
_________________________________________________________________
 Layer (type)                Output Shape              Param #   
=================================================================
 conv1d (Conv1D)             (None, 16384, 8)          2056      
                                                                 
 conv1d_1 (Conv1D)           (None, 4096, 8)           8200      
                                                                 
 conv1d_transpose (Conv1DTr  (None, 16384, 8)          8200      
 anspose)                                                        
                                                                 
 conv1d_transpose_1 (Conv1D  (None, 65536, 8)          8200      
 Transpose)                                                      
                                                                 
 conv1d_transpose_2 (Conv1D  (None, 65536, 2)          18        
 Transpose)                                                      
                                                                 
 activation (Activation)     (None, 65536, 2)          0         
                                                                 
=================================================================
Total params: 26674 (104.20 KB)
Trainable params: 26674 (104.20 KB)
Non-trainable params: 0 (0.00 Byte)
_________________________________________________________________
Traceback (most recent call last):
  File "/scale_wlg_persistent/filesets/project/uoa00195/EMRI_generation/EMRI_signal_detection/train_CNN_on_EMRIs.py", line 107, in <module>
    training_and_validation_generator= EMRIGeneratorTDI(EMRI_params_dir="training_data/EMRI_params_SNRs_20_100_fixed_redshift.npy", batch_size=batch_size,  dim=len_seq, dt=dt, TDI_channels=TDI_channels)#n_channels=n_channels,
  File "/scale_wlg_persistent/filesets/project/uoa00195/EMRI_generation/EMRI_signal_detection/EMRI_generator_TDI.py", line 68, in __init__
    self.on_epoch_end()
  File "/scale_wlg_persistent/filesets/project/uoa00195/EMRI_generation/EMRI_signal_detection/EMRI_generator_TDI.py", line 130, in on_epoch_end
    self.rng.shuffle(self.indexes)
AttributeError: 'EMRIGeneratorTDI' object has no attribute 'rng'
