
The following modules were not unloaded:
   (Use "module --force purge" to unload all):

  1) XALT/minimal   2) slurm   3) NeSI
2024-03-22 00:48:49.050600: E tensorflow/compiler/xla/stream_executor/cuda/cuda_dnn.cc:9342] Unable to register cuDNN factory: Attempting to register factory for plugin cuDNN when one has already been registered
2024-03-22 00:48:49.050683: E tensorflow/compiler/xla/stream_executor/cuda/cuda_fft.cc:609] Unable to register cuFFT factory: Attempting to register factory for plugin cuFFT when one has already been registered
2024-03-22 00:48:49.125139: E tensorflow/compiler/xla/stream_executor/cuda/cuda_blas.cc:1518] Unable to register cuBLAS factory: Attempting to register factory for plugin cuBLAS when one has already been registered
2024-03-22 00:48:49.603719: I tensorflow/core/platform/cpu_feature_guard.cc:182] This TensorFlow binary is optimized to use available CPU instructions in performance-critical operations.
To enable the following instructions: AVX2 FMA, in other operations, rebuild TensorFlow with the appropriate compiler flags.
2024-03-22 00:49:20.425600: I tensorflow/core/common_runtime/gpu/gpu_device.cc:1886] Created device /job:localhost/replica:0/task:0/device:GPU:0 with 38298 MB memory:  -> device: 0, name: NVIDIA A100-PCIE-40GB, pci bus id: 0000:83:00.0, compute capability: 8.0
1 Physical GPUs, 1 Logical GPUs
Model: "sequential"
_________________________________________________________________
 Layer (type)                Output Shape              Param #   
=================================================================
 conv1d (Conv1D)             (None, 2097152, 32)       8224      
                                                                 
 conv1d_1 (Conv1D)           (None, 524288, 16)        65552     
                                                                 
 conv1d_2 (Conv1D)           (None, 131072, 8)         16392     
                                                                 
 conv1d_transpose (Conv1DTr  (None, 524288, 8)         8200      
 anspose)                                                        
                                                                 
 conv1d_transpose_1 (Conv1D  (None, 2097152, 16)       16400     
 Transpose)                                                      
                                                                 
 conv1d_transpose_2 (Conv1D  (None, 8388608, 32)       65568     
 Transpose)                                                      
                                                                 
 conv1d_transpose_3 (Conv1D  (None, 8388608, 2)        66        
 Transpose)                                                      
                                                                 
 activation (Activation)     (None, 8388608, 2)        0         
                                                                 
=================================================================
Total params: 180402 (704.70 KB)
Trainable params: 180402 (704.70 KB)
Non-trainable params: 0 (0.00 Byte)
_________________________________________________________________
#################################
####DATA GENERATOR PARAMETERS####
#Batch size:  8
#Time in years: 2.658143162020893
#n_channels:  2
#dt:  10
#Length of timeseries: 8388608
Noise background:  True
#################################
Epoch 1/150
2024-03-22 00:50:04.985935: I tensorflow/compiler/xla/stream_executor/cuda/cuda_dnn.cc:442] Loaded cuDNN version 8600
2024-03-22 00:50:44.332010: I tensorflow/compiler/xla/stream_executor/cuda/cuda_driver.cc:746] failed to allocate 16.00GiB (17179869184 bytes) from device: CUDA_ERROR_OUT_OF_MEMORY: out of memory
2024-03-22 00:50:44.335970: I tensorflow/compiler/xla/stream_executor/cuda/cuda_driver.cc:746] failed to allocate 14.40GiB (15461881856 bytes) from device: CUDA_ERROR_OUT_OF_MEMORY: out of memory
2024-03-22 00:50:44.339263: I tensorflow/compiler/xla/stream_executor/cuda/cuda_driver.cc:746] failed to allocate 12.96GiB (13915693056 bytes) from device: CUDA_ERROR_OUT_OF_MEMORY: out of memory
2024-03-22 00:50:53.761731: F ./tensorflow/core/util/gpu_launch_config.h:160] Check failed: work_element_count >= 0 (0 vs. -2147483648)
/var/spool/slurm/job44759835/slurm_script: line 22: 24632 Aborted                 python train_CNN_on_EMRIs.py
