
The following modules were not unloaded:
   (Use "module --force purge" to unload all):

  1) XALT/minimal   2) slurm   3) NeSI
2024-04-19 13:54:38.740420: E tensorflow/compiler/xla/stream_executor/cuda/cuda_dnn.cc:9342] Unable to register cuDNN factory: Attempting to register factory for plugin cuDNN when one has already been registered
2024-04-19 13:54:38.740506: E tensorflow/compiler/xla/stream_executor/cuda/cuda_fft.cc:609] Unable to register cuFFT factory: Attempting to register factory for plugin cuFFT when one has already been registered
2024-04-19 13:54:38.828255: E tensorflow/compiler/xla/stream_executor/cuda/cuda_blas.cc:1518] Unable to register cuBLAS factory: Attempting to register factory for plugin cuBLAS when one has already been registered
2024-04-19 13:54:39.249244: I tensorflow/core/platform/cpu_feature_guard.cc:182] This TensorFlow binary is optimized to use available CPU instructions in performance-critical operations.
To enable the following instructions: AVX2 FMA, in other operations, rebuild TensorFlow with the appropriate compiler flags.
2024-04-19 13:55:17.450138: I tensorflow/core/common_runtime/gpu/gpu_device.cc:1886] Created device /job:localhost/replica:0/task:0/device:GPU:0 with 38298 MB memory:  -> device: 0, name: NVIDIA A100-PCIE-40GB, pci bus id: 0000:83:00.0, compute capability: 8.0
1 Physical GPUs, 1 Logical GPUs
Model: "sequential"
_________________________________________________________________
 Layer (type)                Output Shape              Param #   
=================================================================
 conv1d (Conv1D)             (None, 1048576, 64)       8256      
                                                                 
 conv1d_1 (Conv1D)           (None, 131072, 64)        262208    
                                                                 
 conv1d_2 (Conv1D)           (None, 16384, 64)         262208    
                                                                 
 conv1d_transpose (Conv1DTr  (None, 131072, 64)        262208    
 anspose)                                                        
                                                                 
 conv1d_transpose_1 (Conv1D  (None, 1048576, 64)       262208    
 Transpose)                                                      
                                                                 
 conv1d_transpose_2 (Conv1D  (None, 8388608, 2)        8194      
 Transpose)                                                      
                                                                 
 activation (Activation)     (None, 8388608, 2)        0         
                                                                 
=================================================================
Total params: 1065282 (4.06 MB)
Trainable params: 1065282 (4.06 MB)
Non-trainable params: 0 (0.00 Byte)
_________________________________________________________________
#################################
####DATA GENERATOR PARAMETERS####
#Dataset size:  11011
#Batch size:  16
#Time in years: 2.658143162020893
#n_channels:  2
#dt:  10
#Length of timeseries: 8388608
Noise background:  False
#################################
Epoch 1/40
2024-04-19 13:56:04.939042: I tensorflow/compiler/xla/stream_executor/cuda/cuda_dnn.cc:442] Loaded cuDNN version 8600
2024-04-19 13:56:10.556075: I tensorflow/compiler/xla/stream_executor/cuda/cuda_driver.cc:746] failed to allocate 16.00GiB (17179869184 bytes) from device: CUDA_ERROR_OUT_OF_MEMORY: out of memory
2024-04-19 13:56:10.558814: I tensorflow/compiler/xla/stream_executor/cuda/cuda_driver.cc:746] failed to allocate 14.40GiB (15461881856 bytes) from device: CUDA_ERROR_OUT_OF_MEMORY: out of memory
2024-04-19 13:56:10.561350: I tensorflow/compiler/xla/stream_executor/cuda/cuda_driver.cc:746] failed to allocate 12.96GiB (13915693056 bytes) from device: CUDA_ERROR_OUT_OF_MEMORY: out of memory
2024-04-19 13:56:10.564092: I tensorflow/compiler/xla/stream_executor/cuda/cuda_driver.cc:746] failed to allocate 11.66GiB (12524123136 bytes) from device: CUDA_ERROR_OUT_OF_MEMORY: out of memory
2024-04-19 13:56:10.569813: I tensorflow/compiler/xla/stream_executor/cuda/cuda_driver.cc:746] failed to allocate 10.50GiB (11271710720 bytes) from device: CUDA_ERROR_OUT_OF_MEMORY: out of memory
2024-04-19 13:56:10.572422: I tensorflow/compiler/xla/stream_executor/cuda/cuda_driver.cc:746] failed to allocate 9.45GiB (10144539648 bytes) from device: CUDA_ERROR_OUT_OF_MEMORY: out of memory
2024-04-19 13:56:10.575190: I tensorflow/compiler/xla/stream_executor/cuda/cuda_driver.cc:746] failed to allocate 8.50GiB (9130085376 bytes) from device: CUDA_ERROR_OUT_OF_MEMORY: out of memory
slurmstepd: error: *** JOB 45716807 ON wbl004 CANCELLED AT 2024-04-19T04:23:26 DUE TO TIME LIMIT ***
