
The following modules were not unloaded:
   (Use "module --force purge" to unload all):

  1) XALT/minimal   2) slurm   3) NeSI
2024-04-24 00:44:07.270512: E tensorflow/compiler/xla/stream_executor/cuda/cuda_dnn.cc:9342] Unable to register cuDNN factory: Attempting to register factory for plugin cuDNN when one has already been registered
2024-04-24 00:44:07.270600: E tensorflow/compiler/xla/stream_executor/cuda/cuda_fft.cc:609] Unable to register cuFFT factory: Attempting to register factory for plugin cuFFT when one has already been registered
2024-04-24 00:44:07.270638: E tensorflow/compiler/xla/stream_executor/cuda/cuda_blas.cc:1518] Unable to register cuBLAS factory: Attempting to register factory for plugin cuBLAS when one has already been registered
2024-04-24 00:44:07.283181: I tensorflow/core/platform/cpu_feature_guard.cc:182] This TensorFlow binary is optimized to use available CPU instructions in performance-critical operations.
To enable the following instructions: AVX2 FMA, in other operations, rebuild TensorFlow with the appropriate compiler flags.
2024-04-24 00:44:16.476170: I tensorflow/core/common_runtime/gpu/gpu_device.cc:1886] Created device /job:localhost/replica:0/task:0/device:GPU:0 with 38298 MB memory:  -> device: 0, name: NVIDIA A100-PCIE-40GB, pci bus id: 0000:83:00.0, compute capability: 8.0
1 Physical GPUs, 1 Logical GPUs
#################################
####DATA GENERATOR PARAMETERS####
#Dataset size:  11011
#Batch size:  8
#Time in years: 2.658143162020893
#n_channels:  2
#dt:  10
#Length of timeseries: 8388608
Noise background:  False
#################################
Model: "sequential"
_________________________________________________________________
 Layer (type)                Output Shape              Param #   
=================================================================
 conv1d (Conv1D)             (None, 1048576, 64)       8256      
                                                                 
 conv1d_1 (Conv1D)           (None, 131072, 64)        262208    
                                                                 
 conv1d_2 (Conv1D)           (None, 16384, 64)         262208    
                                                                 
 conv1d_transpose (Conv1DTr  (None, 131072, 64)        262208    
 anspose)                                                        
                                                                 
 conv1d_transpose_1 (Conv1D  (None, 1048576, 64)       262208    
 Transpose)                                                      
                                                                 
 conv1d_transpose_2 (Conv1D  (None, 8388608, 2)        8194      
 Transpose)                                                      
                                                                 
 activation (Activation)     (None, 8388608, 2)        0         
                                                                 
=================================================================
Total params: 1065282 (4.06 MB)
Trainable params: 1065282 (4.06 MB)
Non-trainable params: 0 (0.00 Byte)
_________________________________________________________________
Epoch 1/100
2024-04-24 00:44:58.378192: I tensorflow/compiler/xla/stream_executor/cuda/cuda_dnn.cc:442] Loaded cuDNN version 8600
2024-04-24 00:46:18.694356: I tensorflow/compiler/xla/service/service.cc:168] XLA service 0x2ab5acafafe0 initialized for platform CUDA (this does not guarantee that XLA will be used). Devices:
2024-04-24 00:46:18.694416: I tensorflow/compiler/xla/service/service.cc:176]   StreamExecutor device (0): NVIDIA A100-PCIE-40GB, Compute Capability 8.0
2024-04-24 00:46:18.703250: I tensorflow/compiler/mlir/tensorflow/utils/dump_mlir_util.cc:269] disabling MLIR crash reproducer, set env var `MLIR_CRASH_REPRODUCER_DIRECTORY` to enable.
2024-04-24 00:46:19.310195: I ./tensorflow/compiler/jit/device_compiler.h:186] Compiled cluster using XLA!  This line is logged at most once for the lifetime of the process.
10/10 - 164s - loss: 1.2662e-07 - val_loss: 1.2800e-07 - 164s/epoch - 16s/step
Epoch 2/100
10/10 - 76s - loss: 8.1616e-08 - val_loss: 1.1248e-07 - 76s/epoch - 8s/step
Epoch 3/100
10/10 - 78s - loss: 8.8461e-08 - val_loss: 8.6495e-08 - 78s/epoch - 8s/step
Epoch 4/100
10/10 - 72s - loss: 5.4464e-08 - val_loss: 6.7451e-08 - 72s/epoch - 7s/step
Epoch 5/100
10/10 - 72s - loss: 1.4820e-07 - val_loss: 1.4559e-07 - 72s/epoch - 7s/step
Epoch 6/100
10/10 - 73s - loss: 3.4489e-07 - val_loss: 3.1778e-07 - 73s/epoch - 7s/step
Epoch 7/100
10/10 - 71s - loss: 7.4579e-08 - val_loss: 7.7129e-08 - 71s/epoch - 7s/step
Epoch 8/100
slurmstepd: error: *** JOB 45816559 ON wbl002 CANCELLED AT 2024-04-23T12:55:19 ***
