
The following modules were not unloaded:
   (Use "module --force purge" to unload all):

  1) XALT/minimal   2) slurm   3) NeSI
2024-04-22 18:38:29.152726: E tensorflow/compiler/xla/stream_executor/cuda/cuda_dnn.cc:9342] Unable to register cuDNN factory: Attempting to register factory for plugin cuDNN when one has already been registered
2024-04-22 18:38:29.152802: E tensorflow/compiler/xla/stream_executor/cuda/cuda_fft.cc:609] Unable to register cuFFT factory: Attempting to register factory for plugin cuFFT when one has already been registered
2024-04-22 18:38:29.152833: E tensorflow/compiler/xla/stream_executor/cuda/cuda_blas.cc:1518] Unable to register cuBLAS factory: Attempting to register factory for plugin cuBLAS when one has already been registered
2024-04-22 18:38:29.162403: I tensorflow/core/platform/cpu_feature_guard.cc:182] This TensorFlow binary is optimized to use available CPU instructions in performance-critical operations.
To enable the following instructions: AVX2 FMA, in other operations, rebuild TensorFlow with the appropriate compiler flags.
2024-04-22 18:38:32.488956: I tensorflow/core/common_runtime/gpu/gpu_device.cc:1886] Created device /job:localhost/replica:0/task:0/device:GPU:0 with 38298 MB memory:  -> device: 0, name: NVIDIA A100-PCIE-40GB, pci bus id: 0000:05:00.0, compute capability: 8.0
1 Physical GPUs, 1 Logical GPUs
Model: "sequential"
_________________________________________________________________
 Layer (type)                Output Shape              Param #   
=================================================================
 conv1d (Conv1D)             (None, 1048576, 64)       8256      
                                                                 
 conv1d_1 (Conv1D)           (None, 131072, 64)        262208    
                                                                 
 conv1d_2 (Conv1D)           (None, 16384, 64)         262208    
                                                                 
 conv1d_transpose (Conv1DTr  (None, 131072, 64)        262208    
 anspose)                                                        
                                                                 
 conv1d_transpose_1 (Conv1D  (None, 1048576, 64)       262208    
 Transpose)                                                      
                                                                 
 conv1d_transpose_2 (Conv1D  (None, 8388608, 2)        8194      
 Transpose)                                                      
                                                                 
 activation (Activation)     (None, 8388608, 2)        0         
                                                                 
=================================================================
Total params: 1065282 (4.06 MB)
Trainable params: 1065282 (4.06 MB)
Non-trainable params: 0 (0.00 Byte)
_________________________________________________________________
#################################
####DATA GENERATOR PARAMETERS####
#Dataset size:  11011
#Batch size:  8
#Time in years: 2.658143162020893
#n_channels:  2
#dt:  10
#Length of timeseries: 8388608
Noise background:  False
#################################
Epoch 1/100
2024-04-22 18:39:01.813029: I tensorflow/compiler/xla/stream_executor/cuda/cuda_dnn.cc:442] Loaded cuDNN version 8600
2024-04-22 18:40:17.106218: I tensorflow/compiler/xla/service/service.cc:168] XLA service 0x2aac14115300 initialized for platform CUDA (this does not guarantee that XLA will be used). Devices:
2024-04-22 18:40:17.106311: I tensorflow/compiler/xla/service/service.cc:176]   StreamExecutor device (0): NVIDIA A100-PCIE-40GB, Compute Capability 8.0
2024-04-22 18:40:17.126883: I tensorflow/compiler/mlir/tensorflow/utils/dump_mlir_util.cc:269] disabling MLIR crash reproducer, set env var `MLIR_CRASH_REPRODUCER_DIRECTORY` to enable.
2024-04-22 18:40:17.554308: I ./tensorflow/compiler/jit/device_compiler.h:186] Compiled cluster using XLA!  This line is logged at most once for the lifetime of the process.
10/10 - 141s - loss: 0.0138 - val_loss: 0.0138 - 141s/epoch - 14s/step
Epoch 2/100
10/10 - 73s - loss: 0.0145 - val_loss: 0.0155 - 73s/epoch - 7s/step
Epoch 3/100
10/10 - 65s - loss: 0.0170 - val_loss: 0.0166 - 65s/epoch - 6s/step
Epoch 4/100
10/10 - 64s - loss: 0.0173 - val_loss: 0.0169 - 64s/epoch - 6s/step
Epoch 5/100
10/10 - 64s - loss: 0.0148 - val_loss: 0.0140 - 64s/epoch - 6s/step
Epoch 6/100
10/10 - 65s - loss: 0.0140 - val_loss: 0.0127 - 65s/epoch - 7s/step
Epoch 7/100
10/10 - 63s - loss: 0.0143 - val_loss: 0.0141 - 63s/epoch - 6s/step
Epoch 8/100
10/10 - 64s - loss: 0.0189 - val_loss: 0.0182 - 64s/epoch - 6s/step
Epoch 9/100
10/10 - 63s - loss: 0.0166 - val_loss: 0.0161 - 63s/epoch - 6s/step
Epoch 10/100
10/10 - 63s - loss: 0.0159 - val_loss: 0.0171 - 63s/epoch - 6s/step
Epoch 11/100
10/10 - 63s - loss: 0.0161 - val_loss: 0.0152 - 63s/epoch - 6s/step
Epoch 12/100
10/10 - 65s - loss: 0.0157 - val_loss: 0.0153 - 65s/epoch - 7s/step
Epoch 13/100
10/10 - 63s - loss: 0.0147 - val_loss: 0.0162 - 63s/epoch - 6s/step
Epoch 14/100
10/10 - 65s - loss: 0.0131 - val_loss: 0.0128 - 65s/epoch - 7s/step
Epoch 15/100
10/10 - 65s - loss: 0.0160 - val_loss: 0.0149 - 65s/epoch - 7s/step
Epoch 16/100
10/10 - 66s - loss: 0.0155 - val_loss: 0.0143 - 66s/epoch - 7s/step
Epoch 17/100
10/10 - 62s - loss: 0.0143 - val_loss: 0.0140 - 62s/epoch - 6s/step
Epoch 18/100
10/10 - 64s - loss: 0.0138 - val_loss: 0.0116 - 64s/epoch - 6s/step
Epoch 19/100
10/10 - 64s - loss: 0.0156 - val_loss: 0.0134 - 64s/epoch - 6s/step
Epoch 20/100
10/10 - 66s - loss: 0.0146 - val_loss: 0.0137 - 66s/epoch - 7s/step
Epoch 21/100
10/10 - 63s - loss: 0.0133 - val_loss: 0.0095 - 63s/epoch - 6s/step
Epoch 22/100
10/10 - 63s - loss: 0.0131 - val_loss: 0.0124 - 63s/epoch - 6s/step
Epoch 23/100
10/10 - 63s - loss: 0.0125 - val_loss: 0.0122 - 63s/epoch - 6s/step
Epoch 24/100
10/10 - 65s - loss: 0.0107 - val_loss: 0.0127 - 65s/epoch - 6s/step
Epoch 25/100
10/10 - 63s - loss: 0.0137 - val_loss: 0.0130 - 63s/epoch - 6s/step
Epoch 26/100
10/10 - 63s - loss: 0.0114 - val_loss: 0.0109 - 63s/epoch - 6s/step
Epoch 27/100
10/10 - 64s - loss: 0.0150 - val_loss: 0.0130 - 64s/epoch - 6s/step
Epoch 28/100
10/10 - 66s - loss: 0.0095 - val_loss: 0.0134 - 66s/epoch - 7s/step
Epoch 29/100
10/10 - 65s - loss: 0.0067 - val_loss: 0.0055 - 65s/epoch - 7s/step
Epoch 30/100
10/10 - 64s - loss: 0.0055 - val_loss: 0.0052 - 64s/epoch - 6s/step
Epoch 31/100
10/10 - 65s - loss: 0.0063 - val_loss: 0.0056 - 65s/epoch - 6s/step
Epoch 32/100
10/10 - 65s - loss: 0.0063 - val_loss: 0.0048 - 65s/epoch - 6s/step
Epoch 33/100
10/10 - 63s - loss: 0.0047 - val_loss: 0.0054 - 63s/epoch - 6s/step
Epoch 34/100
10/10 - 63s - loss: 0.0049 - val_loss: 0.0048 - 63s/epoch - 6s/step
Epoch 35/100
10/10 - 65s - loss: 0.0052 - val_loss: 0.0051 - 65s/epoch - 7s/step
Epoch 36/100
10/10 - 63s - loss: 0.0040 - val_loss: 0.0040 - 63s/epoch - 6s/step
Epoch 37/100
10/10 - 64s - loss: 0.0039 - val_loss: 0.0037 - 64s/epoch - 6s/step
Epoch 38/100
10/10 - 65s - loss: 0.0039 - val_loss: 0.0038 - 65s/epoch - 6s/step
Epoch 39/100
10/10 - 62s - loss: 0.0059 - val_loss: 0.0057 - 62s/epoch - 6s/step
Epoch 40/100
10/10 - 62s - loss: 0.0077 - val_loss: 0.0076 - 62s/epoch - 6s/step
Epoch 41/100
10/10 - 66s - loss: 0.0041 - val_loss: 0.0037 - 66s/epoch - 7s/step
Epoch 42/100
10/10 - 64s - loss: 0.0056 - val_loss: 0.0056 - 64s/epoch - 6s/step
Epoch 43/100
10/10 - 63s - loss: 0.0070 - val_loss: 0.0068 - 63s/epoch - 6s/step
Epoch 44/100
10/10 - 66s - loss: 0.0050 - val_loss: 0.0047 - 66s/epoch - 7s/step
Epoch 45/100
10/10 - 65s - loss: 0.0046 - val_loss: 0.0047 - 65s/epoch - 7s/step
Epoch 46/100
10/10 - 64s - loss: 0.0046 - val_loss: 0.0047 - 64s/epoch - 6s/step
Epoch 47/100
10/10 - 64s - loss: 0.0041 - val_loss: 0.0041 - 64s/epoch - 6s/step
Epoch 48/100
10/10 - 66s - loss: 0.0043 - val_loss: 0.0041 - 66s/epoch - 7s/step
Epoch 49/100
10/10 - 65s - loss: 0.0065 - val_loss: 0.0062 - 65s/epoch - 6s/step
Epoch 50/100
10/10 - 64s - loss: 0.0053 - val_loss: 0.0051 - 64s/epoch - 6s/step
Epoch 51/100
10/10 - 66s - loss: 0.0055 - val_loss: 0.0043 - 66s/epoch - 7s/step
Epoch 52/100
10/10 - 67s - loss: 0.0067 - val_loss: 0.0066 - 67s/epoch - 7s/step
Epoch 53/100
10/10 - 63s - loss: 0.0043 - val_loss: 0.0042 - 63s/epoch - 6s/step
Epoch 54/100
10/10 - 63s - loss: 0.0043 - val_loss: 0.0042 - 63s/epoch - 6s/step
Epoch 55/100
10/10 - 66s - loss: 0.0054 - val_loss: 0.0055 - 66s/epoch - 7s/step
Epoch 56/100
10/10 - 63s - loss: 0.0049 - val_loss: 0.0052 - 63s/epoch - 6s/step
Epoch 57/100
10/10 - 66s - loss: 0.0050 - val_loss: 0.0047 - 66s/epoch - 7s/step
Epoch 58/100
10/10 - 66s - loss: 0.0036 - val_loss: 0.0036 - 66s/epoch - 7s/step
Epoch 59/100
10/10 - 65s - loss: 0.0046 - val_loss: 0.0044 - 65s/epoch - 7s/step
Epoch 60/100
10/10 - 65s - loss: 0.0049 - val_loss: 0.0048 - 65s/epoch - 6s/step
Epoch 61/100
10/10 - 65s - loss: 0.0051 - val_loss: 0.0056 - 65s/epoch - 7s/step
Epoch 62/100
10/10 - 65s - loss: 0.0043 - val_loss: 0.0040 - 65s/epoch - 7s/step
Epoch 63/100
10/10 - 68s - loss: 0.0047 - val_loss: 0.0045 - 68s/epoch - 7s/step
Epoch 64/100
10/10 - 65s - loss: 0.0063 - val_loss: 0.0064 - 65s/epoch - 7s/step
Epoch 65/100
10/10 - 74s - loss: 0.0067 - val_loss: 0.0066 - 74s/epoch - 7s/step
Epoch 66/100
10/10 - 65s - loss: 0.0073 - val_loss: 0.0072 - 65s/epoch - 6s/step
Epoch 67/100
10/10 - 64s - loss: 0.0046 - val_loss: 0.0045 - 64s/epoch - 6s/step
Epoch 68/100
10/10 - 65s - loss: 0.0044 - val_loss: 0.0045 - 65s/epoch - 7s/step
Epoch 69/100
10/10 - 65s - loss: 0.0061 - val_loss: 0.0060 - 65s/epoch - 7s/step
Epoch 70/100
10/10 - 65s - loss: 0.0045 - val_loss: 0.0045 - 65s/epoch - 6s/step
Epoch 71/100
10/10 - 66s - loss: 0.0042 - val_loss: 0.0042 - 66s/epoch - 7s/step
Epoch 72/100
10/10 - 65s - loss: 0.0084 - val_loss: 0.0082 - 65s/epoch - 6s/step
Epoch 73/100
10/10 - 64s - loss: 0.0051 - val_loss: 0.0050 - 64s/epoch - 6s/step
Epoch 74/100
10/10 - 67s - loss: 0.0042 - val_loss: 0.0042 - 67s/epoch - 7s/step
Epoch 75/100
10/10 - 65s - loss: 0.0058 - val_loss: 0.0057 - 65s/epoch - 6s/step
Epoch 76/100
10/10 - 64s - loss: 0.0045 - val_loss: 0.0044 - 64s/epoch - 6s/step
Epoch 77/100
10/10 - 66s - loss: 0.0037 - val_loss: 0.0037 - 66s/epoch - 7s/step
Epoch 78/100
10/10 - 64s - loss: 0.0059 - val_loss: 0.0058 - 64s/epoch - 6s/step
Epoch 79/100
10/10 - 65s - loss: 0.0034 - val_loss: 0.0034 - 65s/epoch - 7s/step
Epoch 80/100
10/10 - 65s - loss: 0.0041 - val_loss: 0.0040 - 65s/epoch - 6s/step
Epoch 81/100
10/10 - 63s - loss: 0.0036 - val_loss: 0.0035 - 63s/epoch - 6s/step
Epoch 82/100
10/10 - 66s - loss: 0.0043 - val_loss: 0.0038 - 66s/epoch - 7s/step
Epoch 83/100
10/10 - 65s - loss: 0.0059 - val_loss: 0.0058 - 65s/epoch - 7s/step
Epoch 84/100
10/10 - 63s - loss: 0.0042 - val_loss: 0.0041 - 63s/epoch - 6s/step
Epoch 85/100
10/10 - 65s - loss: 0.0055 - val_loss: 0.0057 - 65s/epoch - 7s/step
Epoch 86/100
10/10 - 65s - loss: 0.0046 - val_loss: 0.0042 - 65s/epoch - 7s/step
Epoch 87/100
10/10 - 67s - loss: 0.0036 - val_loss: 0.0041 - 67s/epoch - 7s/step
Epoch 88/100
10/10 - 66s - loss: 0.0047 - val_loss: 0.0044 - 66s/epoch - 7s/step
Epoch 89/100
10/10 - 65s - loss: 0.0046 - val_loss: 0.0044 - 65s/epoch - 6s/step
Epoch 90/100
10/10 - 64s - loss: 0.0050 - val_loss: 0.0048 - 64s/epoch - 6s/step
Epoch 91/100
10/10 - 66s - loss: 0.0042 - val_loss: 0.0041 - 66s/epoch - 7s/step
Epoch 92/100
10/10 - 65s - loss: 0.0047 - val_loss: 0.0044 - 65s/epoch - 6s/step
Epoch 93/100
10/10 - 65s - loss: 0.0061 - val_loss: 0.0057 - 65s/epoch - 7s/step
Epoch 94/100
10/10 - 66s - loss: 0.0041 - val_loss: 0.0037 - 66s/epoch - 7s/step
Epoch 95/100
10/10 - 63s - loss: 0.0036 - val_loss: 0.0035 - 63s/epoch - 6s/step
Epoch 96/100
10/10 - 65s - loss: 0.0034 - val_loss: 0.0033 - 65s/epoch - 7s/step
Epoch 97/100
10/10 - 66s - loss: 0.0028 - val_loss: 0.0041 - 66s/epoch - 7s/step
Epoch 98/100
10/10 - 66s - loss: 0.0037 - val_loss: 0.0030 - 66s/epoch - 7s/step
Epoch 99/100
10/10 - 66s - loss: 0.0034 - val_loss: 0.0034 - 66s/epoch - 7s/step
Epoch 100/100
10/10 - 66s - loss: 0.0036 - val_loss: 0.0036 - 66s/epoch - 7s/step
