
The following modules were not unloaded:
   (Use "module --force purge" to unload all):

  1) XALT/minimal   2) slurm   3) NeSI
2024-03-19 00:30:57.513061: E tensorflow/compiler/xla/stream_executor/cuda/cuda_dnn.cc:9342] Unable to register cuDNN factory: Attempting to register factory for plugin cuDNN when one has already been registered
2024-03-19 00:30:57.513139: E tensorflow/compiler/xla/stream_executor/cuda/cuda_fft.cc:609] Unable to register cuFFT factory: Attempting to register factory for plugin cuFFT when one has already been registered
2024-03-19 00:30:57.513175: E tensorflow/compiler/xla/stream_executor/cuda/cuda_blas.cc:1518] Unable to register cuBLAS factory: Attempting to register factory for plugin cuBLAS when one has already been registered
2024-03-19 00:30:57.524130: I tensorflow/core/platform/cpu_feature_guard.cc:182] This TensorFlow binary is optimized to use available CPU instructions in performance-critical operations.
To enable the following instructions: AVX2 FMA, in other operations, rebuild TensorFlow with the appropriate compiler flags.
2024-03-19 00:31:01.564935: I tensorflow/core/common_runtime/gpu/gpu_device.cc:1886] Created device /job:localhost/replica:0/task:0/device:GPU:0 with 38298 MB memory:  -> device: 0, name: NVIDIA A100-PCIE-40GB, pci bus id: 0000:05:00.0, compute capability: 8.0
1 Physical GPUs, 1 Logical GPUs
Model: "sequential"
_________________________________________________________________
 Layer (type)                Output Shape              Param #   
=================================================================
 conv1d (Conv1D)             (None, 1048576, 8)        2056      
                                                                 
 conv1d_1 (Conv1D)           (None, 262144, 8)         8200      
                                                                 
 conv1d_transpose (Conv1DTr  (None, 1048576, 8)        8200      
 anspose)                                                        
                                                                 
 conv1d_transpose_1 (Conv1D  (None, 4194304, 8)        8200      
 Transpose)                                                      
                                                                 
 conv1d_transpose_2 (Conv1D  (None, 4194304, 2)        18        
 Transpose)                                                      
                                                                 
 activation (Activation)     (None, 4194304, 2)        0         
                                                                 
=================================================================
Total params: 26674 (104.20 KB)
Trainable params: 26674 (104.20 KB)
Non-trainable params: 0 (0.00 Byte)
_________________________________________________________________
