
The following modules were not unloaded:
   (Use "module --force purge" to unload all):

  1) XALT/minimal   2) slurm   3) NeSI
2024-03-25 17:46:21.566990: E tensorflow/compiler/xla/stream_executor/cuda/cuda_dnn.cc:9342] Unable to register cuDNN factory: Attempting to register factory for plugin cuDNN when one has already been registered
2024-03-25 17:46:21.567075: E tensorflow/compiler/xla/stream_executor/cuda/cuda_fft.cc:609] Unable to register cuFFT factory: Attempting to register factory for plugin cuFFT when one has already been registered
2024-03-25 17:46:21.567109: E tensorflow/compiler/xla/stream_executor/cuda/cuda_blas.cc:1518] Unable to register cuBLAS factory: Attempting to register factory for plugin cuBLAS when one has already been registered
2024-03-25 17:46:21.578154: I tensorflow/core/platform/cpu_feature_guard.cc:182] This TensorFlow binary is optimized to use available CPU instructions in performance-critical operations.
To enable the following instructions: AVX2 FMA, in other operations, rebuild TensorFlow with the appropriate compiler flags.
2024-03-25 17:46:25.360302: I tensorflow/core/common_runtime/gpu/gpu_device.cc:1886] Created device /job:localhost/replica:0/task:0/device:GPU:0 with 38298 MB memory:  -> device: 0, name: NVIDIA A100-PCIE-40GB, pci bus id: 0000:83:00.0, compute capability: 8.0
1 Physical GPUs, 1 Logical GPUs
Model: "sequential"
_________________________________________________________________
 Layer (type)                Output Shape              Param #   
=================================================================
 conv1d (Conv1D)             (None, 1048576, 32)       8224      
                                                                 
 conv1d_1 (Conv1D)           (None, 262144, 16)        65552     
                                                                 
 conv1d_2 (Conv1D)           (None, 65536, 8)          16392     
                                                                 
 conv1d_transpose (Conv1DTr  (None, 262144, 8)         8200      
 anspose)                                                        
                                                                 
 conv1d_transpose_1 (Conv1D  (None, 1048576, 16)       16400     
 Transpose)                                                      
                                                                 
 conv1d_transpose_2 (Conv1D  (None, 4194304, 32)       65568     
 Transpose)                                                      
                                                                 
 conv1d_transpose_3 (Conv1D  (None, 4194304, 2)        66        
 Transpose)                                                      
                                                                 
 activation (Activation)     (None, 4194304, 2)        0         
                                                                 
=================================================================
Total params: 180402 (704.70 KB)
Trainable params: 180402 (704.70 KB)
Non-trainable params: 0 (0.00 Byte)
_________________________________________________________________
#################################
####DATA GENERATOR PARAMETERS####
#Batch size:  8
#Time in years: 1.3290715810104465
#n_channels:  2
#dt:  10
#Length of timeseries: 4194304
Noise background:  False
#################################
Epoch 1/40
2024-03-25 17:46:45.872738: I tensorflow/compiler/xla/stream_executor/cuda/cuda_dnn.cc:442] Loaded cuDNN version 8600
2024-03-25 17:49:23.606903: I tensorflow/compiler/xla/service/service.cc:168] XLA service 0x2aac0c3c4ff0 initialized for platform CUDA (this does not guarantee that XLA will be used). Devices:
2024-03-25 17:49:23.607677: I tensorflow/compiler/xla/service/service.cc:176]   StreamExecutor device (0): NVIDIA A100-PCIE-40GB, Compute Capability 8.0
2024-03-25 17:49:23.618354: I tensorflow/compiler/mlir/tensorflow/utils/dump_mlir_util.cc:269] disabling MLIR crash reproducer, set env var `MLIR_CRASH_REPRODUCER_DIRECTORY` to enable.
2024-03-25 17:49:23.620076: I tensorflow/compiler/mlir/tensorflow/utils/dump_mlir_util.cc:269] disabling MLIR crash reproducer, set env var `MLIR_CRASH_REPRODUCER_DIRECTORY` to enable.
2024-03-25 17:49:23.945928: I ./tensorflow/compiler/jit/device_compiler.h:186] Compiled cluster using XLA!  This line is logged at most once for the lifetime of the process.
1/1 - 1s - loss: 0.0000e+00 - 531ms/epoch - 531ms/step
Noise loss:  0.0
10/10 - 208s - loss: 8.8594e-06 - val_loss: 8.7935e-06 - 208s/epoch - 21s/step
Epoch 2/40
1/1 - 0s - loss: 0.0000e+00 - 364ms/epoch - 364ms/step
Noise loss:  0.0
10/10 - 46s - loss: 3.7485e-05 - val_loss: 3.7002e-05 - 46s/epoch - 5s/step
Epoch 3/40
1/1 - 0s - loss: 0.0000e+00 - 385ms/epoch - 385ms/step
Noise loss:  0.0
10/10 - 47s - loss: 1.0211e-05 - val_loss: 1.0152e-05 - 47s/epoch - 5s/step
Epoch 4/40
1/1 - 0s - loss: 0.0000e+00 - 392ms/epoch - 392ms/step
Noise loss:  0.0
10/10 - 47s - loss: 1.9625e-05 - val_loss: 1.9607e-05 - 47s/epoch - 5s/step
Epoch 5/40
1/1 - 0s - loss: 0.0000e+00 - 391ms/epoch - 391ms/step
Noise loss:  0.0
10/10 - 47s - loss: 8.7641e-06 - val_loss: 8.7383e-06 - 47s/epoch - 5s/step
Epoch 6/40
1/1 - 0s - loss: 0.0000e+00 - 397ms/epoch - 397ms/step
Noise loss:  0.0
10/10 - 49s - loss: 2.8467e-05 - val_loss: 2.8451e-05 - 49s/epoch - 5s/step
Epoch 7/40
1/1 - 0s - loss: 0.0000e+00 - 368ms/epoch - 368ms/step
Noise loss:  0.0
10/10 - 48s - loss: 1.8996e-05 - val_loss: 1.8988e-05 - 48s/epoch - 5s/step
Epoch 8/40
1/1 - 0s - loss: 0.0000e+00 - 367ms/epoch - 367ms/step
Noise loss:  0.0
10/10 - 47s - loss: 7.1793e-06 - val_loss: 7.1760e-06 - 47s/epoch - 5s/step
Epoch 9/40
1/1 - 0s - loss: 0.0000e+00 - 416ms/epoch - 416ms/step
Noise loss:  0.0
10/10 - 47s - loss: 8.2067e-06 - val_loss: 8.2037e-06 - 47s/epoch - 5s/step
Epoch 10/40
1/1 - 0s - loss: 0.0000e+00 - 394ms/epoch - 394ms/step
Noise loss:  0.0
10/10 - 47s - loss: 1.5499e-05 - val_loss: 1.5496e-05 - 47s/epoch - 5s/step
Epoch 11/40
1/1 - 0s - loss: 0.0000e+00 - 397ms/epoch - 397ms/step
Noise loss:  0.0
10/10 - 48s - loss: 1.1106e-05 - val_loss: 1.1103e-05 - 48s/epoch - 5s/step
Epoch 12/40
1/1 - 0s - loss: 0.0000e+00 - 368ms/epoch - 368ms/step
Noise loss:  0.0
10/10 - 48s - loss: 1.0676e-05 - val_loss: 1.0672e-05 - 48s/epoch - 5s/step
Epoch 13/40
1/1 - 0s - loss: 0.0000e+00 - 414ms/epoch - 414ms/step
Noise loss:  0.0
10/10 - 48s - loss: 3.1047e-05 - val_loss: 3.1035e-05 - 48s/epoch - 5s/step
Epoch 14/40
1/1 - 0s - loss: 0.0000e+00 - 400ms/epoch - 400ms/step
Noise loss:  0.0
10/10 - 48s - loss: 5.0654e-05 - val_loss: 5.0625e-05 - 48s/epoch - 5s/step
Epoch 15/40
1/1 - 0s - loss: 0.0000e+00 - 394ms/epoch - 394ms/step
Noise loss:  0.0
10/10 - 47s - loss: 1.2046e-05 - val_loss: 1.2036e-05 - 47s/epoch - 5s/step
Epoch 16/40
1/1 - 0s - loss: 0.0000e+00 - 425ms/epoch - 425ms/step
Noise loss:  0.0
10/10 - 47s - loss: 3.9195e-05 - val_loss: 3.9171e-05 - 47s/epoch - 5s/step
Epoch 17/40
1/1 - 0s - loss: 0.0000e+00 - 404ms/epoch - 404ms/step
Noise loss:  0.0
10/10 - 48s - loss: 1.0410e-05 - val_loss: 1.0406e-05 - 48s/epoch - 5s/step
Epoch 18/40
1/1 - 0s - loss: 0.0000e+00 - 371ms/epoch - 371ms/step
Noise loss:  0.0
10/10 - 47s - loss: 9.7094e-06 - val_loss: 9.7040e-06 - 47s/epoch - 5s/step
Epoch 19/40
1/1 - 0s - loss: 0.0000e+00 - 365ms/epoch - 365ms/step
Noise loss:  0.0
10/10 - 48s - loss: 8.3404e-06 - val_loss: 8.3308e-06 - 48s/epoch - 5s/step
Epoch 20/40
1/1 - 0s - loss: 0.0000e+00 - 366ms/epoch - 366ms/step
Noise loss:  0.0
10/10 - 47s - loss: 1.0549e-05 - val_loss: 1.0530e-05 - 47s/epoch - 5s/step
Epoch 21/40
1/1 - 0s - loss: 0.0000e+00 - 395ms/epoch - 395ms/step
Noise loss:  0.0
10/10 - 48s - loss: 5.9539e-06 - val_loss: 5.9405e-06 - 48s/epoch - 5s/step
Epoch 22/40
1/1 - 0s - loss: 0.0000e+00 - 398ms/epoch - 398ms/step
Noise loss:  0.0
10/10 - 49s - loss: 3.3849e-05 - val_loss: 3.3817e-05 - 49s/epoch - 5s/step
Epoch 23/40
1/1 - 0s - loss: 0.0000e+00 - 372ms/epoch - 372ms/step
Noise loss:  0.0
10/10 - 48s - loss: 1.4129e-05 - val_loss: 1.4069e-05 - 48s/epoch - 5s/step
Epoch 24/40
1/1 - 0s - loss: 0.0000e+00 - 364ms/epoch - 364ms/step
Noise loss:  0.0
10/10 - 47s - loss: 9.6144e-06 - val_loss: 9.5615e-06 - 47s/epoch - 5s/step
Epoch 25/40
1/1 - 0s - loss: 0.0000e+00 - 435ms/epoch - 435ms/step
Noise loss:  0.0
10/10 - 48s - loss: 8.0272e-06 - val_loss: 7.9232e-06 - 48s/epoch - 5s/step
Epoch 26/40
1/1 - 0s - loss: 0.0000e+00 - 391ms/epoch - 391ms/step
Noise loss:  0.0
10/10 - 46s - loss: 8.2431e-06 - val_loss: 8.0862e-06 - 46s/epoch - 5s/step
Epoch 27/40
1/1 - 0s - loss: 0.0000e+00 - 444ms/epoch - 444ms/step
Noise loss:  0.0
10/10 - 48s - loss: 3.1385e-05 - val_loss: 3.1193e-05 - 48s/epoch - 5s/step
Epoch 28/40
1/1 - 0s - loss: 0.0000e+00 - 394ms/epoch - 394ms/step
Noise loss:  0.0
10/10 - 46s - loss: 3.1934e-06 - val_loss: 3.0642e-06 - 46s/epoch - 5s/step
Epoch 29/40
1/1 - 0s - loss: 0.0000e+00 - 392ms/epoch - 392ms/step
Noise loss:  0.0
10/10 - 46s - loss: 8.8740e-06 - val_loss: 8.7162e-06 - 46s/epoch - 5s/step
Epoch 30/40
1/1 - 0s - loss: 0.0000e+00 - 382ms/epoch - 382ms/step
Noise loss:  0.0
10/10 - 51s - loss: 2.5199e-05 - val_loss: 2.5119e-05 - 51s/epoch - 5s/step
Epoch 31/40
1/1 - 0s - loss: 0.0000e+00 - 445ms/epoch - 445ms/step
Noise loss:  0.0
10/10 - 51s - loss: 1.7484e-05 - val_loss: 1.7311e-05 - 51s/epoch - 5s/step
Epoch 32/40
1/1 - 0s - loss: 0.0000e+00 - 416ms/epoch - 416ms/step
Noise loss:  0.0
10/10 - 52s - loss: 3.0798e-05 - val_loss: 3.0663e-05 - 52s/epoch - 5s/step
Epoch 33/40
1/1 - 0s - loss: 0.0000e+00 - 417ms/epoch - 417ms/step
Noise loss:  0.0
10/10 - 53s - loss: 1.0375e-05 - val_loss: 1.0258e-05 - 53s/epoch - 5s/step
Epoch 34/40
1/1 - 0s - loss: 0.0000e+00 - 415ms/epoch - 415ms/step
Noise loss:  0.0
10/10 - 51s - loss: 8.9901e-06 - val_loss: 8.8670e-06 - 51s/epoch - 5s/step
Epoch 35/40
1/1 - 0s - loss: 0.0000e+00 - 411ms/epoch - 411ms/step
Noise loss:  0.0
10/10 - 51s - loss: 5.4578e-06 - val_loss: 5.3675e-06 - 51s/epoch - 5s/step
Epoch 36/40
1/1 - 0s - loss: 0.0000e+00 - 413ms/epoch - 413ms/step
Noise loss:  0.0
10/10 - 50s - loss: 2.6710e-05 - val_loss: 2.6632e-05 - 50s/epoch - 5s/step
Epoch 37/40
1/1 - 0s - loss: 0.0000e+00 - 414ms/epoch - 414ms/step
Noise loss:  0.0
10/10 - 51s - loss: 4.0826e-06 - val_loss: 4.0333e-06 - 51s/epoch - 5s/step
Epoch 38/40
1/1 - 0s - loss: 0.0000e+00 - 393ms/epoch - 393ms/step
Noise loss:  0.0
10/10 - 51s - loss: 2.9909e-06 - val_loss: 2.9650e-06 - 51s/epoch - 5s/step
Epoch 39/40
1/1 - 0s - loss: 0.0000e+00 - 393ms/epoch - 393ms/step
Noise loss:  0.0
10/10 - 53s - loss: 5.9473e-06 - val_loss: 5.8506e-06 - 53s/epoch - 5s/step
Epoch 40/40
1/1 - 0s - loss: 0.0000e+00 - 412ms/epoch - 412ms/step
Noise loss:  0.0
10/10 - 52s - loss: 8.0509e-06 - val_loss: 7.9116e-06 - 52s/epoch - 5s/step
