
The following modules were not unloaded:
   (Use "module --force purge" to unload all):

  1) XALT/minimal   2) slurm   3) NeSI
2024-04-17 16:34:10.473908: E tensorflow/compiler/xla/stream_executor/cuda/cuda_dnn.cc:9342] Unable to register cuDNN factory: Attempting to register factory for plugin cuDNN when one has already been registered
2024-04-17 16:34:10.473988: E tensorflow/compiler/xla/stream_executor/cuda/cuda_fft.cc:609] Unable to register cuFFT factory: Attempting to register factory for plugin cuFFT when one has already been registered
2024-04-17 16:34:10.474036: E tensorflow/compiler/xla/stream_executor/cuda/cuda_blas.cc:1518] Unable to register cuBLAS factory: Attempting to register factory for plugin cuBLAS when one has already been registered
2024-04-17 16:34:10.484421: I tensorflow/core/platform/cpu_feature_guard.cc:182] This TensorFlow binary is optimized to use available CPU instructions in performance-critical operations.
To enable the following instructions: AVX2 FMA, in other operations, rebuild TensorFlow with the appropriate compiler flags.
2024-04-17 16:34:13.910177: I tensorflow/core/common_runtime/gpu/gpu_device.cc:1886] Created device /job:localhost/replica:0/task:0/device:GPU:0 with 38298 MB memory:  -> device: 0, name: NVIDIA A100-PCIE-40GB, pci bus id: 0000:83:00.0, compute capability: 8.0
1 Physical GPUs, 1 Logical GPUs
Model: "sequential"
_________________________________________________________________
 Layer (type)                Output Shape              Param #   
=================================================================
 conv1d (Conv1D)             (None, 1048576, 64)       8256      
                                                                 
 conv1d_1 (Conv1D)           (None, 131072, 64)        262208    
                                                                 
 conv1d_2 (Conv1D)           (None, 16384, 64)         262208    
                                                                 
 conv1d_transpose (Conv1DTr  (None, 131072, 64)        262208    
 anspose)                                                        
                                                                 
 conv1d_transpose_1 (Conv1D  (None, 1048576, 64)       262208    
 Transpose)                                                      
                                                                 
 conv1d_transpose_2 (Conv1D  (None, 8388608, 2)        8194      
 Transpose)                                                      
                                                                 
 activation (Activation)     (None, 8388608, 2)        0         
                                                                 
=================================================================
Total params: 1065282 (4.06 MB)
Trainable params: 1065282 (4.06 MB)
Non-trainable params: 0 (0.00 Byte)
_________________________________________________________________
#################################
####DATA GENERATOR PARAMETERS####
#Dataset size:  11011
#Batch size:  8
#Time in years: 2.658143162020893
#n_channels:  2
#dt:  10
#Length of timeseries: 8388608
Noise background:  False
#################################
Epoch 1/40
2024-04-17 16:34:44.796467: I tensorflow/compiler/xla/stream_executor/cuda/cuda_dnn.cc:442] Loaded cuDNN version 8600
2024-04-17 16:35:59.631407: I tensorflow/compiler/xla/service/service.cc:168] XLA service 0x2ab42a844740 initialized for platform CUDA (this does not guarantee that XLA will be used). Devices:
2024-04-17 16:35:59.631480: I tensorflow/compiler/xla/service/service.cc:176]   StreamExecutor device (0): NVIDIA A100-PCIE-40GB, Compute Capability 8.0
2024-04-17 16:35:59.655406: I tensorflow/compiler/mlir/tensorflow/utils/dump_mlir_util.cc:269] disabling MLIR crash reproducer, set env var `MLIR_CRASH_REPRODUCER_DIRECTORY` to enable.
2024-04-17 16:36:00.254417: I ./tensorflow/compiler/jit/device_compiler.h:186] Compiled cluster using XLA!  This line is logged at most once for the lifetime of the process.
10/10 - 141s - loss: 0.7942 - val_loss: 0.7323 - 141s/epoch - 14s/step
Epoch 2/40
10/10 - 64s - loss: 0.7799 - val_loss: 0.7782 - 64s/epoch - 6s/step
Epoch 3/40
10/10 - 65s - loss: 0.8327 - val_loss: 0.7848 - 65s/epoch - 7s/step
Epoch 4/40
10/10 - 64s - loss: 0.7909 - val_loss: 0.8806 - 64s/epoch - 6s/step
Epoch 5/40
10/10 - 64s - loss: 0.7393 - val_loss: 0.8303 - 64s/epoch - 6s/step
Epoch 6/40
10/10 - 65s - loss: 0.9612 - val_loss: 0.8281 - 65s/epoch - 7s/step
Epoch 7/40
10/10 - 64s - loss: 0.7808 - val_loss: 0.6604 - 64s/epoch - 6s/step
Epoch 8/40
10/10 - 64s - loss: 0.7457 - val_loss: 0.7780 - 64s/epoch - 6s/step
Epoch 9/40
10/10 - 64s - loss: 0.7852 - val_loss: 0.8232 - 64s/epoch - 6s/step
Epoch 10/40
10/10 - 64s - loss: 0.9091 - val_loss: 0.6239 - 64s/epoch - 6s/step
Epoch 11/40
10/10 - 63s - loss: 0.8395 - val_loss: 0.8371 - 63s/epoch - 6s/step
Epoch 12/40
10/10 - 66s - loss: 0.7847 - val_loss: 0.7344 - 66s/epoch - 7s/step
Epoch 13/40
10/10 - 64s - loss: 0.8301 - val_loss: 0.7418 - 64s/epoch - 6s/step
Epoch 14/40
10/10 - 66s - loss: 0.9020 - val_loss: 0.8229 - 66s/epoch - 7s/step
Epoch 15/40
10/10 - 66s - loss: 0.7544 - val_loss: 0.7909 - 66s/epoch - 7s/step
Epoch 16/40
10/10 - 66s - loss: 0.7352 - val_loss: 0.7238 - 66s/epoch - 7s/step
Epoch 17/40
10/10 - 63s - loss: 0.9099 - val_loss: 0.8264 - 63s/epoch - 6s/step
Epoch 18/40
10/10 - 65s - loss: 0.7740 - val_loss: 0.7326 - 65s/epoch - 6s/step
Epoch 19/40
10/10 - 65s - loss: 0.7734 - val_loss: 0.7499 - 65s/epoch - 6s/step
Epoch 20/40
10/10 - 66s - loss: 0.7388 - val_loss: 0.7737 - 66s/epoch - 7s/step
Epoch 21/40
10/10 - 63s - loss: 0.8613 - val_loss: 0.6845 - 63s/epoch - 6s/step
Epoch 22/40
10/10 - 64s - loss: 0.8126 - val_loss: 0.6916 - 64s/epoch - 6s/step
Epoch 23/40
10/10 - 63s - loss: 0.6941 - val_loss: 0.7600 - 63s/epoch - 6s/step
Epoch 24/40
10/10 - 65s - loss: 0.8032 - val_loss: 0.7885 - 65s/epoch - 6s/step
Epoch 25/40
10/10 - 63s - loss: 0.9159 - val_loss: 0.7467 - 63s/epoch - 6s/step
Epoch 26/40
10/10 - 63s - loss: 0.7437 - val_loss: 0.7043 - 63s/epoch - 6s/step
Epoch 27/40
10/10 - 65s - loss: 0.6528 - val_loss: 0.6525 - 65s/epoch - 6s/step
Epoch 28/40
10/10 - 66s - loss: 0.7630 - val_loss: 0.6725 - 66s/epoch - 7s/step
Epoch 29/40
10/10 - 66s - loss: 0.7262 - val_loss: 0.6840 - 66s/epoch - 7s/step
Epoch 30/40
10/10 - 64s - loss: 0.7194 - val_loss: 0.7799 - 64s/epoch - 6s/step
Epoch 31/40
10/10 - 65s - loss: 0.7195 - val_loss: 0.5860 - 65s/epoch - 7s/step
Epoch 32/40
10/10 - 65s - loss: 0.5491 - val_loss: 0.7895 - 65s/epoch - 6s/step
Epoch 33/40
10/10 - 64s - loss: 0.6871 - val_loss: 0.6437 - 64s/epoch - 6s/step
Epoch 34/40
10/10 - 63s - loss: 0.5179 - val_loss: 0.6287 - 63s/epoch - 6s/step
Epoch 35/40
10/10 - 65s - loss: 0.7173 - val_loss: 0.6204 - 65s/epoch - 7s/step
Epoch 36/40
10/10 - 63s - loss: 0.5913 - val_loss: 0.6783 - 63s/epoch - 6s/step
Epoch 37/40
10/10 - 65s - loss: 0.6128 - val_loss: 0.5103 - 65s/epoch - 6s/step
Epoch 38/40
10/10 - 65s - loss: 0.6271 - val_loss: 0.5251 - 65s/epoch - 7s/step
Epoch 39/40
10/10 - 62s - loss: 0.6074 - val_loss: 0.5758 - 62s/epoch - 6s/step
Epoch 40/40
10/10 - 63s - loss: 0.5889 - val_loss: 0.6342 - 63s/epoch - 6s/step
