
The following modules were not unloaded:
   (Use "module --force purge" to unload all):

  1) XALT/minimal   2) slurm   3) NeSI
2024-04-16 13:04:54.229529: E tensorflow/compiler/xla/stream_executor/cuda/cuda_dnn.cc:9342] Unable to register cuDNN factory: Attempting to register factory for plugin cuDNN when one has already been registered
2024-04-16 13:04:54.229617: E tensorflow/compiler/xla/stream_executor/cuda/cuda_fft.cc:609] Unable to register cuFFT factory: Attempting to register factory for plugin cuFFT when one has already been registered
2024-04-16 13:04:54.301758: E tensorflow/compiler/xla/stream_executor/cuda/cuda_blas.cc:1518] Unable to register cuBLAS factory: Attempting to register factory for plugin cuBLAS when one has already been registered
2024-04-16 13:04:54.671553: I tensorflow/core/platform/cpu_feature_guard.cc:182] This TensorFlow binary is optimized to use available CPU instructions in performance-critical operations.
To enable the following instructions: AVX2 FMA, in other operations, rebuild TensorFlow with the appropriate compiler flags.
2024-04-16 13:05:29.369537: I tensorflow/core/common_runtime/gpu/gpu_device.cc:1886] Created device /job:localhost/replica:0/task:0/device:GPU:0 with 38298 MB memory:  -> device: 0, name: NVIDIA A100-PCIE-40GB, pci bus id: 0000:05:00.0, compute capability: 8.0
1 Physical GPUs, 1 Logical GPUs
Model: "sequential"
_________________________________________________________________
 Layer (type)                Output Shape              Param #   
=================================================================
 conv1d (Conv1D)             (None, 1048576, 64)       8256      
                                                                 
 conv1d_1 (Conv1D)           (None, 131072, 64)        262208    
                                                                 
 conv1d_2 (Conv1D)           (None, 16384, 64)         262208    
                                                                 
 conv1d_transpose (Conv1DTr  (None, 131072, 64)        262208    
 anspose)                                                        
                                                                 
 conv1d_transpose_1 (Conv1D  (None, 1048576, 64)       262208    
 Transpose)                                                      
                                                                 
 conv1d_transpose_2 (Conv1D  (None, 8388608, 2)        8194      
 Transpose)                                                      
                                                                 
 activation (Activation)     (None, 8388608, 2)        0         
                                                                 
=================================================================
Total params: 1065282 (4.06 MB)
Trainable params: 1065282 (4.06 MB)
Non-trainable params: 0 (0.00 Byte)
_________________________________________________________________
#################################
####DATA GENERATOR PARAMETERS####
#Dataset size:  11011
#Batch size:  8
#Time in years: 2.658143162020893
#n_channels:  2
#dt:  10
#Length of timeseries: 8388608
Noise background:  False
#################################
Epoch 1/40
2024-04-16 13:06:09.689935: I tensorflow/compiler/xla/stream_executor/cuda/cuda_dnn.cc:442] Loaded cuDNN version 8600
2024-04-16 13:07:31.905031: I tensorflow/compiler/xla/service/service.cc:168] XLA service 0x2ab5ad780b20 initialized for platform CUDA (this does not guarantee that XLA will be used). Devices:
2024-04-16 13:07:31.905110: I tensorflow/compiler/xla/service/service.cc:176]   StreamExecutor device (0): NVIDIA A100-PCIE-40GB, Compute Capability 8.0
2024-04-16 13:07:31.973958: I tensorflow/compiler/mlir/tensorflow/utils/dump_mlir_util.cc:269] disabling MLIR crash reproducer, set env var `MLIR_CRASH_REPRODUCER_DIRECTORY` to enable.
2024-04-16 13:07:32.214243: I ./tensorflow/compiler/jit/device_compiler.h:186] Compiled cluster using XLA!  This line is logged at most once for the lifetime of the process.
10/10 - 146s - loss: 6.9037e-05 - val_loss: 6.9066e-05 - 146s/epoch - 15s/step
Epoch 2/40
10/10 - 63s - loss: 4.1879e-05 - val_loss: 4.1867e-05 - 63s/epoch - 6s/step
Epoch 3/40
10/10 - 65s - loss: 3.6837e-05 - val_loss: 3.6915e-05 - 65s/epoch - 6s/step
Epoch 4/40
10/10 - 64s - loss: 2.5372e-05 - val_loss: 2.5379e-05 - 64s/epoch - 6s/step
Epoch 5/40
10/10 - 64s - loss: 7.4656e-05 - val_loss: 7.4654e-05 - 64s/epoch - 6s/step
Epoch 6/40
10/10 - 65s - loss: 6.5265e-05 - val_loss: 6.5497e-05 - 65s/epoch - 6s/step
Epoch 7/40
10/10 - 63s - loss: 2.7778e-05 - val_loss: 2.7777e-05 - 63s/epoch - 6s/step
Epoch 8/40
10/10 - 63s - loss: 6.0306e-05 - val_loss: 6.0310e-05 - 63s/epoch - 6s/step
Epoch 9/40
10/10 - 63s - loss: 7.6831e-05 - val_loss: 7.6418e-05 - 63s/epoch - 6s/step
Epoch 10/40
10/10 - 63s - loss: 6.1868e-05 - val_loss: 5.8106e-05 - 63s/epoch - 6s/step
Epoch 11/40
10/10 - 62s - loss: 3.9275e-05 - val_loss: 3.9283e-05 - 62s/epoch - 6s/step
Epoch 12/40
10/10 - 65s - loss: 6.9778e-05 - val_loss: 6.9783e-05 - 65s/epoch - 6s/step
Epoch 13/40
10/10 - 63s - loss: 3.5898e-05 - val_loss: 3.5835e-05 - 63s/epoch - 6s/step
Epoch 14/40
10/10 - 65s - loss: 4.7432e-05 - val_loss: 4.7388e-05 - 65s/epoch - 6s/step
Epoch 15/40
10/10 - 65s - loss: 5.8713e-05 - val_loss: 5.8682e-05 - 65s/epoch - 6s/step
Epoch 16/40
10/10 - 65s - loss: 5.4424e-05 - val_loss: 5.4184e-05 - 65s/epoch - 7s/step
Epoch 17/40
10/10 - 62s - loss: 5.7424e-05 - val_loss: 5.7435e-05 - 62s/epoch - 6s/step
Epoch 18/40
10/10 - 64s - loss: 6.7826e-05 - val_loss: 7.8257e-05 - 64s/epoch - 6s/step
Epoch 19/40
10/10 - 64s - loss: 4.3265e-05 - val_loss: 4.3236e-05 - 64s/epoch - 6s/step
Epoch 20/40
10/10 - 65s - loss: 4.9055e-05 - val_loss: 4.6489e-05 - 65s/epoch - 7s/step
Epoch 21/40
10/10 - 62s - loss: 3.4377e-05 - val_loss: 3.4429e-05 - 62s/epoch - 6s/step
Epoch 22/40
10/10 - 63s - loss: 4.9396e-05 - val_loss: 4.9483e-05 - 63s/epoch - 6s/step
Epoch 23/40
10/10 - 62s - loss: 4.9633e-05 - val_loss: 4.9603e-05 - 62s/epoch - 6s/step
Epoch 24/40
10/10 - 64s - loss: 4.9704e-05 - val_loss: 4.9633e-05 - 64s/epoch - 6s/step
Epoch 25/40
10/10 - 62s - loss: 4.7694e-05 - val_loss: 4.7656e-05 - 62s/epoch - 6s/step
Epoch 26/40
10/10 - 63s - loss: 6.0658e-05 - val_loss: 6.0657e-05 - 63s/epoch - 6s/step
Epoch 27/40
10/10 - 64s - loss: 5.6999e-05 - val_loss: 5.6309e-05 - 64s/epoch - 6s/step
Epoch 28/40
10/10 - 65s - loss: 4.3502e-05 - val_loss: 4.3514e-05 - 65s/epoch - 7s/step
Epoch 29/40
10/10 - 65s - loss: 5.4117e-05 - val_loss: 5.4130e-05 - 65s/epoch - 7s/step
Epoch 30/40
10/10 - 64s - loss: 5.7164e-05 - val_loss: 5.7188e-05 - 64s/epoch - 6s/step
Epoch 31/40
10/10 - 64s - loss: 6.3276e-05 - val_loss: 5.8458e-05 - 64s/epoch - 6s/step
Epoch 32/40
10/10 - 64s - loss: 4.6916e-05 - val_loss: 4.6888e-05 - 64s/epoch - 6s/step
Epoch 33/40
10/10 - 63s - loss: 4.7755e-05 - val_loss: 4.7789e-05 - 63s/epoch - 6s/step
Epoch 34/40
10/10 - 63s - loss: 4.6963e-05 - val_loss: 4.6995e-05 - 63s/epoch - 6s/step
Epoch 35/40
10/10 - 65s - loss: 6.1609e-05 - val_loss: 6.1864e-05 - 65s/epoch - 6s/step
Epoch 36/40
10/10 - 62s - loss: 4.9134e-05 - val_loss: 4.9123e-05 - 62s/epoch - 6s/step
Epoch 37/40
10/10 - 64s - loss: 4.4886e-05 - val_loss: 4.4825e-05 - 64s/epoch - 6s/step
Epoch 38/40
10/10 - 64s - loss: 3.9881e-05 - val_loss: 4.0213e-05 - 64s/epoch - 6s/step
Epoch 39/40
10/10 - 61s - loss: 6.3174e-05 - val_loss: 6.2551e-05 - 61s/epoch - 6s/step
Epoch 40/40
10/10 - 62s - loss: 5.8640e-05 - val_loss: 5.7884e-05 - 62s/epoch - 6s/step
